2026-06-24 15:19:14,687  INFO  ======================================================================
2026-06-24 15:19:14,687  INFO  train_dqn.py — Stage 3: DQN Remediation Agent
2026-06-24 15:19:14,687  INFO  ======================================================================
2026-06-24 15:19:15,790  INFO    Device: cuda
2026-06-24 15:19:15,793  INFO    GPU   : NVIDIA GeForce GTX 1650
2026-06-24 15:19:15,797  INFO  [STEP 1] Loading DQN environment arrays ...
2026-06-24 15:19:16,133  INFO    Train: 423,598  Val:  90,771  Test:  90,772  state_dim=128
2026-06-24 15:19:16,206  INFO  [MODEL] Building DQN networks ...
2026-06-24 15:19:16,355  INFO    Architecture : 128 → 128 → 64 → 5
2026-06-24 15:19:16,355  INFO    Total params : 25,093
2026-06-24 15:19:18,176  INFO  [STEP 5] Training for 100,000 episodes ...
2026-06-24 15:19:18,177  INFO    Replay capacity=50,000  warmup=1,000  target_sync=500
2026-06-24 15:19:18,177  INFO    ε: 1.0 → 0.05  decay=0.99995/episode
2026-06-24 15:19:18,787  INFO    Episode    1,000/100,000  ε=0.9512  replay= 1,000  avg_reward(last 1000)=-1.999
2026-06-24 15:19:23,195  INFO    Episode    2,000/100,000  ε=0.9048  replay= 2,000  avg_reward(last 1000)=-1.159
2026-06-24 15:19:27,428  INFO    Episode    3,000/100,000  ε=0.8607  replay= 3,000  avg_reward(last 1000)=-0.570
2026-06-24 15:19:31,137  INFO    Episode    4,000/100,000  ε=0.8187  replay= 4,000  avg_reward(last 1000)=-0.308
2026-06-24 15:19:34,922  INFO    Episode    5,000/100,000  ε=0.7788  replay= 5,000  avg_reward(last 1000)=0.245
2026-06-24 15:19:34,923  INFO  [EVAL] Evaluating on val (ep 5,000) split (90,771 rows) ...
2026-06-24 15:19:35,089  INFO    Overall action-match accuracy : 0.9844  (98.44%)
2026-06-24 15:19:35,089  INFO    Average reward per episode    : 9.7820
2026-06-24 15:19:35,090  INFO  
2026-06-24 15:19:35,090  INFO    Per-class action accuracy:
2026-06-24 15:19:35,090  INFO    Class                             Total   Correct   Accuracy    Action breakdown (wrong)
2026-06-24 15:19:35,101  INFO    Benign                              750         0    0.0000    [Isolate Server:341, Block IP:293, Revoke Credentials:116]
2026-06-24 15:19:35,103  INFO    Botnet_ARES                         826       703    0.8511    [Block IP:123]
2026-06-24 15:19:35,106  INFO    DDoS_LOIT                        14,359    14,359    1.0000  [all correct]
2026-06-24 15:19:35,108  INFO    DoS_GoldenEye                     1,255     1,253    0.9984    [Revoke Credentials:2]
2026-06-24 15:19:35,112  INFO    DoS_Hulk                         44,646    44,636    0.9998    [Revoke Credentials:10]
2026-06-24 15:19:35,114  INFO    DoS_Slowhttptest                  1,029     1,026    0.9971    [Revoke Credentials:3]
2026-06-24 15:19:35,117  INFO    DoS_Slowloris                       768       767    0.9987    [Revoke Credentials:1]
2026-06-24 15:19:35,119  INFO    FTP-Patator                       1,430       961    0.6720    [Block IP:469]
2026-06-24 15:19:35,122  INFO    Heartbleed                            2         0    0.0000    [Block IP:1, Revoke Credentials:1]
2026-06-24 15:19:35,125  INFO    Port_Scan                        24,197    24,142    0.9977    [Revoke Credentials:51, Isolate Server:4]
2026-06-24 15:19:35,128  INFO    SSH-Patator                         892       892    1.0000  [all correct]
2026-06-24 15:19:35,130  INFO    Web_Brute_Force                     410       410    1.0000  [all correct]
2026-06-24 15:19:35,131  INFO    Web_SQL_Injection                     4         0    0.0000    [Revoke Credentials:3, Block IP:1]
2026-06-24 15:19:35,134  INFO    Web_XSS                             203       203    1.0000  [all correct]
2026-06-24 15:19:35,134  INFO  
2026-06-24 15:19:35,134  INFO    Monitor-on-Attack rate: 0.0000 (0.00%)  ✓
2026-06-24 15:19:35,136  INFO    ✓ New best val accuracy: 0.9844  (weights saved)
2026-06-24 15:19:39,415  INFO    Episode    6,000/100,000  ε=0.7408  replay= 6,000  avg_reward(last 1000)=0.935
2026-06-24 15:19:44,182  INFO    Episode    7,000/100,000  ε=0.7047  replay= 7,000  avg_reward(last 1000)=1.222
2026-06-24 15:19:48,672  INFO    Episode    8,000/100,000  ε=0.6703  replay= 8,000  avg_reward(last 1000)=1.653
2026-06-24 15:19:53,234  INFO    Episode    9,000/100,000  ε=0.6376  replay= 9,000  avg_reward(last 1000)=2.173
2026-06-24 15:19:57,802  INFO    Episode   10,000/100,000  ε=0.6065  replay=10,000  avg_reward(last 1000)=2.364
2026-06-24 15:19:57,802  INFO  [EVAL] Evaluating on val (ep 10,000) split (90,771 rows) ...
2026-06-24 15:19:57,993  INFO    Overall action-match accuracy : 0.9894  (98.94%)
2026-06-24 15:19:57,994  INFO    Average reward per episode    : 9.8499
2026-06-24 15:19:57,994  INFO  
2026-06-24 15:19:57,994  INFO    Per-class action accuracy:
2026-06-24 15:19:57,994  INFO    Class                             Total   Correct   Accuracy    Action breakdown (wrong)
2026-06-24 15:19:58,009  INFO    Benign                              750       348    0.4640    [Block IP:216, Isolate Server:99, Revoke Credentials:87]
2026-06-24 15:19:58,012  INFO    Botnet_ARES                         826       819    0.9915    [Block IP:7]
2026-06-24 15:19:58,015  INFO    DDoS_LOIT                        14,359    14,359    1.0000  [all correct]
2026-06-24 15:19:58,018  INFO    DoS_GoldenEye                     1,255     1,253    0.9984    [Revoke Credentials:2]
2026-06-24 15:19:58,022  INFO    DoS_Hulk                         44,646    44,639    0.9998    [Revoke Credentials:7]
2026-06-24 15:19:58,025  INFO    DoS_Slowhttptest                  1,029     1,026    0.9971    [Revoke Credentials:3]
2026-06-24 15:19:58,028  INFO    DoS_Slowloris                       768       767    0.9987    [Revoke Credentials:1]
2026-06-24 15:19:58,031  INFO    FTP-Patator                       1,430       961    0.6720    [Block IP:469]
2026-06-24 15:19:58,034  INFO    Heartbleed                            2         0    0.0000    [Block IP:1, Revoke Credentials:1]
2026-06-24 15:19:58,037  INFO    Port_Scan                        24,197    24,142    0.9977    [Revoke Credentials:51, Isolate Server:4]
2026-06-24 15:19:58,040  INFO    SSH-Patator                         892       892    1.0000  [all correct]
2026-06-24 15:19:58,042  INFO    Web_Brute_Force                     410       400    0.9756    [Block IP:10]
2026-06-24 15:19:58,044  INFO    Web_SQL_Injection                     4         0    0.0000    [Revoke Credentials:3, Block IP:1]
2026-06-24 15:19:58,046  INFO    Web_XSS                             203       203    1.0000  [all correct]
2026-06-24 15:19:58,046  INFO  
2026-06-24 15:19:58,047  INFO    Monitor-on-Attack rate: 0.0000 (0.00%)  ✓
2026-06-24 15:19:58,048  INFO    ✓ New best val accuracy: 0.9894  (weights saved)
2026-06-24 15:20:02,859  INFO    Episode   11,000/100,000  ε=0.5769  replay=11,000  avg_reward(last 1000)=2.928
2026-06-24 15:20:07,642  INFO    Episode   12,000/100,000  ε=0.5488  replay=12,000  avg_reward(last 1000)=3.348
2026-06-24 15:20:12,517  INFO    Episode   13,000/100,000  ε=0.5220  replay=13,000  avg_reward(last 1000)=3.560
2026-06-24 15:20:17,155  INFO    Episode   14,000/100,000  ε=0.4966  replay=14,000  avg_reward(last 1000)=3.632
2026-06-24 15:20:21,710  INFO    Episode   15,000/100,000  ε=0.4724  replay=15,000  avg_reward(last 1000)=4.201
2026-06-24 15:20:21,710  INFO  [EVAL] Evaluating on val (ep 15,000) split (90,771 rows) ...
2026-06-24 15:20:21,869  INFO    Overall action-match accuracy : 0.9897  (98.97%)
2026-06-24 15:20:21,869  INFO    Average reward per episode    : 9.8535
2026-06-24 15:20:21,869  INFO  
2026-06-24 15:20:21,869  INFO    Per-class action accuracy:
2026-06-24 15:20:21,869  INFO    Class                             Total   Correct   Accuracy    Action breakdown (wrong)
2026-06-24 15:20:21,882  INFO    Benign                              750       370    0.4933    [Block IP:205, Isolate Server:97, Revoke Credentials:78]
2026-06-24 15:20:21,884  INFO    Botnet_ARES                         826       819    0.9915    [Block IP:7]
2026-06-24 15:20:21,912  INFO    DDoS_LOIT                        14,359    14,359    1.0000  [all correct]
2026-06-24 15:20:21,935  INFO    DoS_GoldenEye                     1,255     1,253    0.9984    [Revoke Credentials:2]
2026-06-24 15:20:21,940  INFO    DoS_Hulk                         44,646    44,638    0.9998    [Revoke Credentials:8]
2026-06-24 15:20:21,943  INFO    DoS_Slowhttptest                  1,029     1,026    0.9971    [Revoke Credentials:3]
2026-06-24 15:20:21,946  INFO    DoS_Slowloris                       768       767    0.9987    [Revoke Credentials:1]
2026-06-24 15:20:21,949  INFO    FTP-Patator                       1,430       961    0.6720    [Block IP:469]
2026-06-24 15:20:21,952  INFO    Heartbleed                            2         0    0.0000    [Block IP:1, Revoke Credentials:1]
2026-06-24 15:20:21,955  INFO    Port_Scan                        24,197    24,146    0.9979    [Revoke Credentials:51]
2026-06-24 15:20:21,958  INFO    SSH-Patator                         892       892    1.0000  [all correct]
2026-06-24 15:20:21,960  INFO    Web_Brute_Force                     410       400    0.9756    [Block IP:10]
2026-06-24 15:20:21,963  INFO    Web_SQL_Injection                     4         0    0.0000    [Revoke Credentials:3, Block IP:1]
2026-06-24 15:20:21,965  INFO    Web_XSS                             203       203    1.0000  [all correct]
2026-06-24 15:20:21,965  INFO  
2026-06-24 15:20:21,966  INFO    Monitor-on-Attack rate: 0.0000 (0.00%)  ✓
2026-06-24 15:20:21,968  INFO    ✓ New best val accuracy: 0.9897  (weights saved)
2026-06-24 15:20:26,656  INFO    Episode   16,000/100,000  ε=0.4493  replay=16,000  avg_reward(last 1000)=4.636
2026-06-24 15:20:31,228  INFO    Episode   17,000/100,000  ε=0.4274  replay=17,000  avg_reward(last 1000)=4.655
2026-06-24 15:20:35,988  INFO    Episode   18,000/100,000  ε=0.4066  replay=18,000  avg_reward(last 1000)=4.953
2026-06-24 15:20:40,599  INFO    Episode   19,000/100,000  ε=0.3867  replay=19,000  avg_reward(last 1000)=5.351
2026-06-24 15:20:45,234  INFO    Episode   20,000/100,000  ε=0.3679  replay=20,000  avg_reward(last 1000)=5.272
2026-06-24 15:20:45,234  INFO  [EVAL] Evaluating on val (ep 20,000) split (90,771 rows) ...
2026-06-24 15:20:45,407  INFO    Overall action-match accuracy : 0.9899  (98.99%)
2026-06-24 15:20:45,408  INFO    Average reward per episode    : 9.8561
2026-06-24 15:20:45,408  INFO  
2026-06-24 15:20:45,408  INFO    Per-class action accuracy:
2026-06-24 15:20:45,408  INFO    Class                             Total   Correct   Accuracy    Action breakdown (wrong)
2026-06-24 15:20:45,424  INFO    Benign                              750       381    0.5080    [Block IP:170, Revoke Credentials:100, Isolate Server:99]
2026-06-24 15:20:45,426  INFO    Botnet_ARES                         826       819    0.9915    [Block IP:7]
2026-06-24 15:20:45,429  INFO    DDoS_LOIT                        14,359    14,359    1.0000  [all correct]
2026-06-24 15:20:45,432  INFO    DoS_GoldenEye                     1,255     1,253    0.9984    [Revoke Credentials:2]
2026-06-24 15:20:45,436  INFO    DoS_Hulk                         44,646    44,637    0.9998    [Revoke Credentials:9]
2026-06-24 15:20:45,439  INFO    DoS_Slowhttptest                  1,029     1,026    0.9971    [Revoke Credentials:3]
2026-06-24 15:20:45,442  INFO    DoS_Slowloris                       768       767    0.9987    [Revoke Credentials:1]
2026-06-24 15:20:45,445  INFO    FTP-Patator                       1,430       961    0.6720    [Block IP:469]
2026-06-24 15:20:45,447  INFO    Heartbleed                            2         1    0.5000    [Revoke Credentials:1]
2026-06-24 15:20:45,450  INFO    Port_Scan                        24,197    24,142    0.9977    [Revoke Credentials:51, Isolate Server:4]
2026-06-24 15:20:45,453  INFO    SSH-Patator                         892       892    1.0000  [all correct]
2026-06-24 15:20:45,455  INFO    Web_Brute_Force                     410       410    1.0000  [all correct]
2026-06-24 15:20:45,457  INFO    Web_SQL_Injection                     4         0    0.0000    [Revoke Credentials:3, Block IP:1]
2026-06-24 15:20:45,459  INFO    Web_XSS                             203       203    1.0000  [all correct]
2026-06-24 15:20:45,459  INFO  
2026-06-24 15:20:45,460  INFO    Monitor-on-Attack rate: 0.0000 (0.00%)  ✓
2026-06-24 15:20:45,461  INFO    ✓ New best val accuracy: 0.9899  (weights saved)
2026-06-24 15:20:50,178  INFO    Episode   21,000/100,000  ε=0.3499  replay=21,000  avg_reward(last 1000)=5.302
2026-06-24 15:20:54,837  INFO    Episode   22,000/100,000  ε=0.3329  replay=22,000  avg_reward(last 1000)=5.971
2026-06-24 15:20:59,586  INFO    Episode   23,000/100,000  ε=0.3166  replay=23,000  avg_reward(last 1000)=6.110
2026-06-24 15:21:04,237  INFO    Episode   24,000/100,000  ε=0.3012  replay=24,000  avg_reward(last 1000)=6.209
2026-06-24 15:21:08,981  INFO    Episode   25,000/100,000  ε=0.2865  replay=25,000  avg_reward(last 1000)=6.350
2026-06-24 15:21:08,981  INFO  [EVAL] Evaluating on val (ep 25,000) split (90,771 rows) ...
2026-06-24 15:21:09,155  INFO    Overall action-match accuracy : 0.9896  (98.96%)
2026-06-24 15:21:09,155  INFO    Average reward per episode    : 9.8521
2026-06-24 15:21:09,155  INFO  
2026-06-24 15:21:09,156  INFO    Per-class action accuracy:
2026-06-24 15:21:09,156  INFO    Class                             Total   Correct   Accuracy    Action breakdown (wrong)
2026-06-24 15:21:09,168  INFO    Benign                              750       399    0.5320    [Block IP:155, Isolate Server:102, Revoke Credentials:94]
2026-06-24 15:21:09,170  INFO    Botnet_ARES                         826       795    0.9625    [Block IP:31]
2026-06-24 15:21:09,173  INFO    DDoS_LOIT                        14,359    14,353    0.9996    [Revoke Credentials:6]
2026-06-24 15:21:09,176  INFO    DoS_GoldenEye                     1,255     1,252    0.9976    [Revoke Credentials:2, Monitor:1]
2026-06-24 15:21:09,180  INFO    DoS_Hulk                         44,646    44,637    0.9998    [Revoke Credentials:9]
2026-06-24 15:21:09,183  INFO    DoS_Slowhttptest                  1,029     1,026    0.9971    [Revoke Credentials:3]
2026-06-24 15:21:09,185  INFO    DoS_Slowloris                       768       767    0.9987    [Revoke Credentials:1]
2026-06-24 15:21:09,188  INFO    FTP-Patator                       1,430       961    0.6720    [Block IP:469]
2026-06-24 15:21:09,190  INFO    Heartbleed                            2         1    0.5000    [Revoke Credentials:1]
2026-06-24 15:21:09,193  INFO    Port_Scan                        24,197    24,142    0.9977    [Revoke Credentials:51, Isolate Server:4]
2026-06-24 15:21:09,195  INFO    SSH-Patator                         892       892    1.0000  [all correct]
2026-06-24 15:21:09,197  INFO    Web_Brute_Force                     410       401    0.9780    [Monitor:9]
2026-06-24 15:21:09,199  INFO    Web_SQL_Injection                     4         0    0.0000    [Revoke Credentials:3, Block IP:1]
2026-06-24 15:21:09,201  INFO    Web_XSS                             203       203    1.0000  [all correct]
2026-06-24 15:21:09,201  INFO  
2026-06-24 15:21:09,202  INFO    Monitor-on-Attack rate: 0.0001 (0.01%)  ✓
2026-06-24 15:21:13,936  INFO    Episode   26,000/100,000  ε=0.2725  replay=26,000  avg_reward(last 1000)=6.646
2026-06-24 15:21:18,788  INFO    Episode   27,000/100,000  ε=0.2592  replay=27,000  avg_reward(last 1000)=6.832
2026-06-24 15:21:23,591  INFO    Episode   28,000/100,000  ε=0.2466  replay=28,000  avg_reward(last 1000)=6.843
2026-06-24 15:21:28,348  INFO    Episode   29,000/100,000  ε=0.2346  replay=29,000  avg_reward(last 1000)=7.017
2026-06-24 15:21:33,161  INFO    Episode   30,000/100,000  ε=0.2231  replay=30,000  avg_reward(last 1000)=6.991
2026-06-24 15:21:33,161  INFO  [EVAL] Evaluating on val (ep 30,000) split (90,771 rows) ...
2026-06-24 15:21:33,324  INFO    Overall action-match accuracy : 0.9903  (99.03%)
2026-06-24 15:21:33,325  INFO    Average reward per episode    : 9.8616
2026-06-24 15:21:33,325  INFO  
2026-06-24 15:21:33,325  INFO    Per-class action accuracy:
2026-06-24 15:21:33,325  INFO    Class                             Total   Correct   Accuracy    Action breakdown (wrong)
2026-06-24 15:21:33,337  INFO    Benign                              750       439    0.5853    [Block IP:132, Isolate Server:104, Revoke Credentials:75]
2026-06-24 15:21:33,339  INFO    Botnet_ARES                         826       825    0.9988    [Kill Process:1]
2026-06-24 15:21:33,342  INFO    DDoS_LOIT                        14,359    14,353    0.9996    [Revoke Credentials:6]
2026-06-24 15:21:33,345  INFO    DoS_GoldenEye                     1,255     1,252    0.9976    [Revoke Credentials:2, Monitor:1]
2026-06-24 15:21:33,348  INFO    DoS_Hulk                         44,646    44,637    0.9998    [Revoke Credentials:8, Monitor:1]
2026-06-24 15:21:33,351  INFO    DoS_Slowhttptest                  1,029     1,025    0.9961    [Revoke Credentials:3, Monitor:1]
2026-06-24 15:21:33,354  INFO    DoS_Slowloris                       768       763    0.9935    [Monitor:4, Revoke Credentials:1]
2026-06-24 15:21:33,356  INFO    FTP-Patator                       1,430       961    0.6720    [Block IP:469]
2026-06-24 15:21:33,359  INFO    Heartbleed                            2         0    0.0000    [Block IP:1, Revoke Credentials:1]
2026-06-24 15:21:33,362  INFO    Port_Scan                        24,197    24,142    0.9977    [Revoke Credentials:51, Isolate Server:4]
2026-06-24 15:21:33,364  INFO    SSH-Patator                         892       892    1.0000  [all correct]
2026-06-24 15:21:33,366  INFO    Web_Brute_Force                     410       400    0.9756    [Monitor:10]
2026-06-24 15:21:33,368  INFO    Web_SQL_Injection                     4         0    0.0000    [Revoke Credentials:3, Block IP:1]
2026-06-24 15:21:33,370  INFO    Web_XSS                             203       203    1.0000  [all correct]
2026-06-24 15:21:33,370  INFO  
2026-06-24 15:21:33,370  INFO    Monitor-on-Attack rate: 0.0002 (0.02%)  ✓
2026-06-24 15:21:33,372  INFO    ✓ New best val accuracy: 0.9903  (weights saved)
2026-06-24 15:21:38,120  INFO    Episode   31,000/100,000  ε=0.2122  replay=31,000  avg_reward(last 1000)=7.625
2026-06-24 15:21:43,028  INFO    Episode   32,000/100,000  ε=0.2019  replay=32,000  avg_reward(last 1000)=7.151
2026-06-24 15:21:47,518  INFO    Episode   33,000/100,000  ε=0.1920  replay=33,000  avg_reward(last 1000)=7.724
2026-06-24 15:21:51,795  INFO    Episode   34,000/100,000  ε=0.1827  replay=34,000  avg_reward(last 1000)=7.381
2026-06-24 15:21:56,517  INFO    Episode   35,000/100,000  ε=0.1738  replay=35,000  avg_reward(last 1000)=8.067
2026-06-24 15:21:56,517  INFO  [EVAL] Evaluating on val (ep 35,000) split (90,771 rows) ...
2026-06-24 15:21:56,696  INFO    Overall action-match accuracy : 0.9904  (99.04%)
2026-06-24 15:21:56,696  INFO    Average reward per episode    : 9.8630
2026-06-24 15:21:56,696  INFO  
2026-06-24 15:21:56,696  INFO    Per-class action accuracy:
2026-06-24 15:21:56,696  INFO    Class                             Total   Correct   Accuracy    Action breakdown (wrong)
2026-06-24 15:21:56,709  INFO    Benign                              750       457    0.6093    [Block IP:132, Isolate Server:94, Revoke Credentials:67]
2026-06-24 15:21:56,711  INFO    Botnet_ARES                         826       823    0.9964    [Block IP:3]
2026-06-24 15:21:56,715  INFO    DDoS_LOIT                        14,359    14,353    0.9996    [Revoke Credentials:6]
2026-06-24 15:21:56,718  INFO    DoS_GoldenEye                     1,255     1,252    0.9976    [Revoke Credentials:2, Monitor:1]
2026-06-24 15:21:56,722  INFO    DoS_Hulk                         44,646    44,638    0.9998    [Revoke Credentials:6, Monitor:2]
2026-06-24 15:21:56,725  INFO    DoS_Slowhttptest                  1,029     1,025    0.9961    [Revoke Credentials:3, Monitor:1]
2026-06-24 15:21:56,727  INFO    DoS_Slowloris                       768       763    0.9935    [Monitor:4, Revoke Credentials:1]
2026-06-24 15:21:56,730  INFO    FTP-Patator                       1,430       961    0.6720    [Block IP:469]
2026-06-24 15:21:56,732  INFO    Heartbleed                            2         0    0.0000    [Block IP:1, Revoke Credentials:1]
2026-06-24 15:21:56,736  INFO    Port_Scan                        24,197    24,146    0.9979    [Revoke Credentials:51]
2026-06-24 15:21:56,738  INFO    SSH-Patator                         892       892    1.0000  [all correct]
2026-06-24 15:21:56,740  INFO    Web_Brute_Force                     410       393    0.9585    [Monitor:17]
2026-06-24 15:21:56,742  INFO    Web_SQL_Injection                     4         0    0.0000    [Revoke Credentials:3, Block IP:1]
2026-06-24 15:21:56,744  INFO    Web_XSS                             203       200    0.9852    [Isolate Server:3]
2026-06-24 15:21:56,744  INFO  
2026-06-24 15:21:56,744  INFO    Monitor-on-Attack rate: 0.0003 (0.03%)  ✓
2026-06-24 15:21:56,746  INFO    ✓ New best val accuracy: 0.9904  (weights saved)
2026-06-24 15:22:01,482  INFO    Episode   36,000/100,000  ε=0.1653  replay=36,000  avg_reward(last 1000)=8.210
2026-06-24 15:22:06,718  INFO    Episode   37,000/100,000  ε=0.1572  replay=37,000  avg_reward(last 1000)=7.891
2026-06-24 15:22:11,416  INFO    Episode   38,000/100,000  ε=0.1496  replay=38,000  avg_reward(last 1000)=8.039
2026-06-24 15:22:15,947  INFO    Episode   39,000/100,000  ε=0.1423  replay=39,000  avg_reward(last 1000)=8.056
2026-06-24 15:22:20,638  INFO    Episode   40,000/100,000  ε=0.1353  replay=40,000  avg_reward(last 1000)=8.502
2026-06-24 15:22:20,639  INFO  [EVAL] Evaluating on val (ep 40,000) split (90,771 rows) ...
2026-06-24 15:22:20,810  INFO    Overall action-match accuracy : 0.9908  (99.08%)
2026-06-24 15:22:20,810  INFO    Average reward per episode    : 9.8674
2026-06-24 15:22:20,810  INFO  
2026-06-24 15:22:20,811  INFO    Per-class action accuracy:
2026-06-24 15:22:20,811  INFO    Class                             Total   Correct   Accuracy    Action breakdown (wrong)
2026-06-24 15:22:20,822  INFO    Benign                              750       492    0.6560    [Block IP:117, Revoke Credentials:73, Isolate Server:68]
2026-06-24 15:22:20,824  INFO    Botnet_ARES                         826       823    0.9964    [Block IP:3]
2026-06-24 15:22:20,827  INFO    DDoS_LOIT                        14,359    14,353    0.9996    [Revoke Credentials:6]
2026-06-24 15:22:20,830  INFO    DoS_GoldenEye                     1,255     1,252    0.9976    [Revoke Credentials:2, Monitor:1]
2026-06-24 15:22:20,834  INFO    DoS_Hulk                         44,646    44,638    0.9998    [Revoke Credentials:6, Monitor:2]
2026-06-24 15:22:20,836  INFO    DoS_Slowhttptest                  1,029     1,025    0.9961    [Revoke Credentials:3, Monitor:1]
2026-06-24 15:22:20,838  INFO    DoS_Slowloris                       768       763    0.9935    [Monitor:4, Revoke Credentials:1]
2026-06-24 15:22:20,841  INFO    FTP-Patator                       1,430       961    0.6720    [Block IP:469]
2026-06-24 15:22:20,843  INFO    Heartbleed                            2         0    0.0000    [Block IP:1, Revoke Credentials:1]
2026-06-24 15:22:20,847  INFO    Port_Scan                        24,197    24,142    0.9977    [Revoke Credentials:51, Isolate Server:4]
2026-06-24 15:22:20,849  INFO    SSH-Patator                         892       892    1.0000  [all correct]
2026-06-24 15:22:20,851  INFO    Web_Brute_Force                     410       393    0.9585    [Monitor:17]
2026-06-24 15:22:20,853  INFO    Web_SQL_Injection                     4         0    0.0000    [Revoke Credentials:3, Block IP:1]
2026-06-24 15:22:20,855  INFO    Web_XSS                             203       200    0.9852    [Monitor:3]
2026-06-24 15:22:20,855  INFO  
2026-06-24 15:22:20,856  INFO    Monitor-on-Attack rate: 0.0003 (0.03%)  ✓
2026-06-24 15:22:20,857  INFO    ✓ New best val accuracy: 0.9908  (weights saved)
2026-06-24 15:22:25,637  INFO    Episode   41,000/100,000  ε=0.1287  replay=41,000  avg_reward(last 1000)=8.506
2026-06-24 15:22:30,571  INFO    Episode   42,000/100,000  ε=0.1224  replay=42,000  avg_reward(last 1000)=8.446
2026-06-24 15:22:35,280  INFO    Episode   43,000/100,000  ε=0.1165  replay=43,000  avg_reward(last 1000)=8.414
2026-06-24 15:22:40,159  INFO    Episode   44,000/100,000  ε=0.1108  replay=44,000  avg_reward(last 1000)=8.594
2026-06-24 15:22:45,208  INFO    Episode   45,000/100,000  ε=0.1054  replay=45,000  avg_reward(last 1000)=8.667
2026-06-24 15:22:45,208  INFO  [EVAL] Evaluating on val (ep 45,000) split (90,771 rows) ...
2026-06-24 15:22:45,374  INFO    Overall action-match accuracy : 0.9909  (99.09%)
2026-06-24 15:22:45,375  INFO    Average reward per episode    : 9.8697
2026-06-24 15:22:45,375  INFO  
2026-06-24 15:22:45,375  INFO    Per-class action accuracy:
2026-06-24 15:22:45,375  INFO    Class                             Total   Correct   Accuracy    Action breakdown (wrong)
2026-06-24 15:22:45,387  INFO    Benign                              750       497    0.6627    [Block IP:111, Revoke Credentials:75, Isolate Server:67]
2026-06-24 15:22:45,389  INFO    Botnet_ARES                         826       821    0.9939    [Block IP:3, Monitor:2]
2026-06-24 15:22:45,392  INFO    DDoS_LOIT                        14,359    14,353    0.9996    [Revoke Credentials:6]
2026-06-24 15:22:45,395  INFO    DoS_GoldenEye                     1,255     1,252    0.9976    [Revoke Credentials:2, Monitor:1]
2026-06-24 15:22:45,398  INFO    DoS_Hulk                         44,646    44,638    0.9998    [Revoke Credentials:6, Monitor:2]
2026-06-24 15:22:45,401  INFO    DoS_Slowhttptest                  1,029     1,025    0.9961    [Revoke Credentials:3, Monitor:1]
2026-06-24 15:22:45,403  INFO    DoS_Slowloris                       768       763    0.9935    [Monitor:4, Revoke Credentials:1]
2026-06-24 15:22:45,406  INFO    FTP-Patator                       1,430       961    0.6720    [Block IP:469]
2026-06-24 15:22:45,408  INFO    Heartbleed                            2         1    0.5000    [Revoke Credentials:1]
2026-06-24 15:22:45,411  INFO    Port_Scan                        24,197    24,146    0.9979    [Revoke Credentials:51]
2026-06-24 15:22:45,413  INFO    SSH-Patator                         892       892    1.0000  [all correct]
2026-06-24 15:22:45,415  INFO    Web_Brute_Force                     410       400    0.9756    [Isolate Server:7, Monitor:3]
2026-06-24 15:22:45,417  INFO    Web_SQL_Injection                     4         0    0.0000    [Revoke Credentials:3, Block IP:1]
2026-06-24 15:22:45,419  INFO    Web_XSS                             203       200    0.9852    [Isolate Server:3]
2026-06-24 15:22:45,420  INFO  
2026-06-24 15:22:45,420  INFO    Monitor-on-Attack rate: 0.0002 (0.02%)  ✓
2026-06-24 15:22:45,422  INFO    ✓ New best val accuracy: 0.9909  (weights saved)
2026-06-24 15:22:50,062  INFO    Episode   46,000/100,000  ε=0.1003  replay=46,000  avg_reward(last 1000)=8.742
2026-06-24 15:22:54,714  INFO    Episode   47,000/100,000  ε=0.0954  replay=47,000  avg_reward(last 1000)=8.761
2026-06-24 15:22:59,495  INFO    Episode   48,000/100,000  ε=0.0907  replay=48,000  avg_reward(last 1000)=8.729
2026-06-24 15:23:04,058  INFO    Episode   49,000/100,000  ε=0.0863  replay=49,000  avg_reward(last 1000)=8.862
2026-06-24 15:23:08,672  INFO    Episode   50,000/100,000  ε=0.0821  replay=50,000  avg_reward(last 1000)=8.772
2026-06-24 15:23:08,673  INFO  [EVAL] Evaluating on val (ep 50,000) split (90,771 rows) ...
2026-06-24 15:23:08,847  INFO    Overall action-match accuracy : 0.9909  (99.09%)
2026-06-24 15:23:08,848  INFO    Average reward per episode    : 9.8691
2026-06-24 15:23:08,848  INFO  
2026-06-24 15:23:08,848  INFO    Per-class action accuracy:
2026-06-24 15:23:08,848  INFO    Class                             Total   Correct   Accuracy    Action breakdown (wrong)
2026-06-24 15:23:08,860  INFO    Benign                              750       488    0.6507    [Block IP:116, Revoke Credentials:77, Isolate Server:69]
2026-06-24 15:23:08,862  INFO    Botnet_ARES                         826       826    1.0000  [all correct]
2026-06-24 15:23:08,866  INFO    DDoS_LOIT                        14,359    14,353    0.9996    [Revoke Credentials:6]
2026-06-24 15:23:08,870  INFO    DoS_GoldenEye                     1,255     1,252    0.9976    [Revoke Credentials:2, Monitor:1]
2026-06-24 15:23:08,874  INFO    DoS_Hulk                         44,646    44,638    0.9998    [Revoke Credentials:6, Monitor:2]
2026-06-24 15:23:08,877  INFO    DoS_Slowhttptest                  1,029     1,025    0.9961    [Revoke Credentials:3, Monitor:1]
2026-06-24 15:23:08,881  INFO    DoS_Slowloris                       768       767    0.9987    [Revoke Credentials:1]
2026-06-24 15:23:08,883  INFO    FTP-Patator                       1,430       961    0.6720    [Block IP:469]
2026-06-24 15:23:08,886  INFO    Heartbleed                            2         0    0.0000    [Block IP:1, Revoke Credentials:1]
2026-06-24 15:23:08,890  INFO    Port_Scan                        24,197    24,142    0.9977    [Revoke Credentials:51, Isolate Server:4]
2026-06-24 15:23:08,893  INFO    SSH-Patator                         892       892    1.0000  [all correct]
2026-06-24 15:23:08,895  INFO    Web_Brute_Force                     410       400    0.9756    [Isolate Server:9, Monitor:1]
2026-06-24 15:23:08,898  INFO    Web_SQL_Injection                     4         0    0.0000    [Revoke Credentials:3, Block IP:1]
2026-06-24 15:23:08,900  INFO    Web_XSS                             203       200    0.9852    [Isolate Server:3]
2026-06-24 15:23:08,900  INFO  
2026-06-24 15:23:08,901  INFO    Monitor-on-Attack rate: 0.0001 (0.01%)  ✓
2026-06-24 15:23:13,627  INFO    Episode   51,000/100,000  ε=0.0781  replay=50,000  avg_reward(last 1000)=8.979
2026-06-24 15:23:18,323  INFO    Episode   52,000/100,000  ε=0.0743  replay=50,000  avg_reward(last 1000)=8.988
2026-06-24 15:23:22,956  INFO    Episode   53,000/100,000  ε=0.0706  replay=50,000  avg_reward(last 1000)=9.142
2026-06-24 15:23:27,723  INFO    Episode   54,000/100,000  ε=0.0672  replay=50,000  avg_reward(last 1000)=9.136
2026-06-24 15:23:32,591  INFO    Episode   55,000/100,000  ε=0.0639  replay=50,000  avg_reward(last 1000)=8.842
2026-06-24 15:23:32,591  INFO  [EVAL] Evaluating on val (ep 55,000) split (90,771 rows) ...
2026-06-24 15:23:32,752  INFO    Overall action-match accuracy : 0.9912  (99.12%)
2026-06-24 15:23:32,753  INFO    Average reward per episode    : 9.8731
2026-06-24 15:23:32,753  INFO  
2026-06-24 15:23:32,753  INFO    Per-class action accuracy:
2026-06-24 15:23:32,753  INFO    Class                             Total   Correct   Accuracy    Action breakdown (wrong)
2026-06-24 15:23:32,764  INFO    Benign                              750       517    0.6893    [Block IP:108, Revoke Credentials:75, Isolate Server:50]
2026-06-24 15:23:32,766  INFO    Botnet_ARES                         826       824    0.9976    [Block IP:2]
2026-06-24 15:23:32,769  INFO    DDoS_LOIT                        14,359    14,353    0.9996    [Revoke Credentials:6]
2026-06-24 15:23:32,772  INFO    DoS_GoldenEye                     1,255     1,253    0.9984    [Revoke Credentials:2]
2026-06-24 15:23:32,776  INFO    DoS_Hulk                         44,646    44,638    0.9998    [Revoke Credentials:6, Monitor:2]
2026-06-24 15:23:32,779  INFO    DoS_Slowhttptest                  1,029     1,025    0.9961    [Revoke Credentials:3, Monitor:1]
2026-06-24 15:23:32,782  INFO    DoS_Slowloris                       768       767    0.9987    [Revoke Credentials:1]
2026-06-24 15:23:32,785  INFO    FTP-Patator                       1,430       961    0.6720    [Block IP:469]
2026-06-24 15:23:32,787  INFO    Heartbleed                            2         0    0.0000    [Block IP:1, Revoke Credentials:1]
2026-06-24 15:23:32,791  INFO    Port_Scan                        24,197    24,142    0.9977    [Revoke Credentials:51, Monitor:4]
2026-06-24 15:23:32,795  INFO    SSH-Patator                         892       892    1.0000  [all correct]
2026-06-24 15:23:32,799  INFO    Web_Brute_Force                     410       400    0.9756    [Isolate Server:9, Monitor:1]
2026-06-24 15:23:32,802  INFO    Web_SQL_Injection                     4         0    0.0000    [Revoke Credentials:3, Block IP:1]
2026-06-24 15:23:32,803  INFO    Web_XSS                             203       200    0.9852    [Isolate Server:3]
2026-06-24 15:23:32,804  INFO  
2026-06-24 15:23:32,804  INFO    Monitor-on-Attack rate: 0.0001 (0.01%)  ✓
2026-06-24 15:23:32,806  INFO    ✓ New best val accuracy: 0.9912  (weights saved)
2026-06-24 15:23:37,511  INFO    Episode   56,000/100,000  ε=0.0608  replay=50,000  avg_reward(last 1000)=9.138
2026-06-24 15:23:42,358  INFO    Episode   57,000/100,000  ε=0.0578  replay=50,000  avg_reward(last 1000)=9.247
2026-06-24 15:23:47,160  INFO    Episode   58,000/100,000  ε=0.0550  replay=50,000  avg_reward(last 1000)=9.104
2026-06-24 15:23:51,744  INFO    Episode   59,000/100,000  ε=0.0523  replay=50,000  avg_reward(last 1000)=9.174
2026-06-24 15:23:56,550  INFO    Episode   60,000/100,000  ε=0.0500  replay=50,000  avg_reward(last 1000)=9.170
2026-06-24 15:23:56,551  INFO  [EVAL] Evaluating on val (ep 60,000) split (90,771 rows) ...
2026-06-24 15:23:56,713  INFO    Overall action-match accuracy : 0.9910  (99.10%)
2026-06-24 15:23:56,714  INFO    Average reward per episode    : 9.8707
2026-06-24 15:23:56,714  INFO  
2026-06-24 15:23:56,714  INFO    Per-class action accuracy:
2026-06-24 15:23:56,714  INFO    Class                             Total   Correct   Accuracy    Action breakdown (wrong)
2026-06-24 15:23:56,725  INFO    Benign                              750       498    0.6640    [Block IP:116, Revoke Credentials:80, Isolate Server:56]
2026-06-24 15:23:56,727  INFO    Botnet_ARES                         826       826    1.0000  [all correct]
2026-06-24 15:23:56,730  INFO    DDoS_LOIT                        14,359    14,353    0.9996    [Revoke Credentials:6]
2026-06-24 15:23:56,733  INFO    DoS_GoldenEye                     1,255     1,253    0.9984    [Revoke Credentials:2]
2026-06-24 15:23:56,737  INFO    DoS_Hulk                         44,646    44,638    0.9998    [Revoke Credentials:6, Monitor:2]
2026-06-24 15:23:56,739  INFO    DoS_Slowhttptest                  1,029     1,025    0.9961    [Revoke Credentials:3, Monitor:1]
2026-06-24 15:23:56,742  INFO    DoS_Slowloris                       768       767    0.9987    [Revoke Credentials:1]
2026-06-24 15:23:56,744  INFO    FTP-Patator                       1,430       961    0.6720    [Block IP:469]
2026-06-24 15:23:56,746  INFO    Heartbleed                            2         0    0.0000    [Block IP:1, Revoke Credentials:1]
2026-06-24 15:23:56,750  INFO    Port_Scan                        24,197    24,142    0.9977    [Revoke Credentials:51, Isolate Server:4]
2026-06-24 15:23:56,752  INFO    SSH-Patator                         892       892    1.0000  [all correct]
2026-06-24 15:23:56,754  INFO    Web_Brute_Force                     410       400    0.9756    [Isolate Server:9, Monitor:1]
2026-06-24 15:23:56,756  INFO    Web_SQL_Injection                     4         0    0.0000    [Revoke Credentials:3, Block IP:1]
2026-06-24 15:23:56,758  INFO    Web_XSS                             203       200    0.9852    [Monitor:3]
2026-06-24 15:23:56,759  INFO  
2026-06-24 15:23:56,759  INFO    Monitor-on-Attack rate: 0.0001 (0.01%)  ✓
2026-06-24 15:24:01,554  INFO    Episode   61,000/100,000  ε=0.0500  replay=50,000  avg_reward(last 1000)=9.314
2026-06-24 15:24:06,278  INFO    Episode   62,000/100,000  ε=0.0500  replay=50,000  avg_reward(last 1000)=9.436
2026-06-24 15:24:11,131  INFO    Episode   63,000/100,000  ε=0.0500  replay=50,000  avg_reward(last 1000)=9.432
2026-06-24 15:24:15,861  INFO    Episode   64,000/100,000  ε=0.0500  replay=50,000  avg_reward(last 1000)=9.408
2026-06-24 15:24:20,366  INFO    Episode   65,000/100,000  ε=0.0500  replay=50,000  avg_reward(last 1000)=9.254
2026-06-24 15:24:20,366  INFO  [EVAL] Evaluating on val (ep 65,000) split (90,771 rows) ...
2026-06-24 15:24:20,528  INFO    Overall action-match accuracy : 0.9913  (99.13%)
2026-06-24 15:24:20,528  INFO    Average reward per episode    : 9.8752
2026-06-24 15:24:20,528  INFO  
2026-06-24 15:24:20,528  INFO    Per-class action accuracy:
2026-06-24 15:24:20,529  INFO    Class                             Total   Correct   Accuracy    Action breakdown (wrong)
2026-06-24 15:24:20,539  INFO    Benign                              750       520    0.6933    [Block IP:103, Revoke Credentials:74, Isolate Server:53]
2026-06-24 15:24:20,541  INFO    Botnet_ARES                         826       826    1.0000  [all correct]
2026-06-24 15:24:20,544  INFO    DDoS_LOIT                        14,359    14,353    0.9996    [Revoke Credentials:6]
2026-06-24 15:24:20,547  INFO    DoS_GoldenEye                     1,255     1,252    0.9976    [Revoke Credentials:2, Monitor:1]
2026-06-24 15:24:20,550  INFO    DoS_Hulk                         44,646    44,638    0.9998    [Revoke Credentials:7, Monitor:1]
2026-06-24 15:24:20,553  INFO    DoS_Slowhttptest                  1,029     1,025    0.9961    [Revoke Credentials:3, Monitor:1]
2026-06-24 15:24:20,556  INFO    DoS_Slowloris                       768       767    0.9987    [Revoke Credentials:1]
2026-06-24 15:24:20,558  INFO    FTP-Patator                       1,430       961    0.6720    [Block IP:469]
2026-06-24 15:24:20,561  INFO    Heartbleed                            2         0    0.0000    [Block IP:1, Revoke Credentials:1]
2026-06-24 15:24:20,564  INFO    Port_Scan                        24,197    24,142    0.9977    [Revoke Credentials:51, Isolate Server:4]
2026-06-24 15:24:20,567  INFO    SSH-Patator                         892       892    1.0000  [all correct]
2026-06-24 15:24:20,569  INFO    Web_Brute_Force                     410       409    0.9976    [Monitor:1]
2026-06-24 15:24:20,571  INFO    Web_SQL_Injection                     4         0    0.0000    [Revoke Credentials:3, Block IP:1]
2026-06-24 15:24:20,573  INFO    Web_XSS                             203       200    0.9852    [Monitor:3]
2026-06-24 15:24:20,573  INFO  
2026-06-24 15:24:20,574  INFO    Monitor-on-Attack rate: 0.0001 (0.01%)  ✓
2026-06-24 15:24:20,575  INFO    ✓ New best val accuracy: 0.9913  (weights saved)
2026-06-24 15:24:25,182  INFO    Episode   66,000/100,000  ε=0.0500  replay=50,000  avg_reward(last 1000)=9.286
2026-06-24 15:24:30,130  INFO    Episode   67,000/100,000  ε=0.0500  replay=50,000  avg_reward(last 1000)=9.247
2026-06-24 15:24:34,732  INFO    Episode   68,000/100,000  ε=0.0500  replay=50,000  avg_reward(last 1000)=9.303
2026-06-24 15:24:39,444  INFO    Episode   69,000/100,000  ε=0.0500  replay=50,000  avg_reward(last 1000)=9.226
2026-06-24 15:24:44,241  INFO    Episode   70,000/100,000  ε=0.0500  replay=50,000  avg_reward(last 1000)=9.239
2026-06-24 15:24:44,241  INFO  [EVAL] Evaluating on val (ep 70,000) split (90,771 rows) ...
2026-06-24 15:24:44,405  INFO    Overall action-match accuracy : 0.9915  (99.15%)
2026-06-24 15:24:44,405  INFO    Average reward per episode    : 9.8768
2026-06-24 15:24:44,405  INFO  
2026-06-24 15:24:44,406  INFO    Per-class action accuracy:
2026-06-24 15:24:44,406  INFO    Class                             Total   Correct   Accuracy    Action breakdown (wrong)
2026-06-24 15:24:44,419  INFO    Benign                              750       530    0.7067    [Block IP:105, Revoke Credentials:66, Isolate Server:49]
2026-06-24 15:24:44,421  INFO    Botnet_ARES                         826       826    1.0000  [all correct]
2026-06-24 15:24:44,424  INFO    DDoS_LOIT                        14,359    14,353    0.9996    [Revoke Credentials:6]
2026-06-24 15:24:44,427  INFO    DoS_GoldenEye                     1,255     1,252    0.9976    [Monitor:2, Revoke Credentials:1]
2026-06-24 15:24:44,430  INFO    DoS_Hulk                         44,646    44,638    0.9998    [Revoke Credentials:6, Monitor:2]
2026-06-24 15:24:44,433  INFO    DoS_Slowhttptest                  1,029     1,026    0.9971    [Revoke Credentials:3]
2026-06-24 15:24:44,435  INFO    DoS_Slowloris                       768       767    0.9987    [Revoke Credentials:1]
2026-06-24 15:24:44,437  INFO    FTP-Patator                       1,430       961    0.6720    [Block IP:469]
2026-06-24 15:24:44,440  INFO    Heartbleed                            2         0    0.0000    [Block IP:1, Revoke Credentials:1]
2026-06-24 15:24:44,443  INFO    Port_Scan                        24,197    24,146    0.9979    [Revoke Credentials:49, Monitor:2]
2026-06-24 15:24:44,445  INFO    SSH-Patator                         892       892    1.0000  [all correct]
2026-06-24 15:24:44,447  INFO    Web_Brute_Force                     410       405    0.9878    [Monitor:5]
2026-06-24 15:24:44,449  INFO    Web_SQL_Injection                     4         0    0.0000    [Revoke Credentials:3, Block IP:1]
2026-06-24 15:24:44,452  INFO    Web_XSS                             203       200    0.9852    [Monitor:3]
2026-06-24 15:24:44,452  INFO  
2026-06-24 15:24:44,453  INFO    Monitor-on-Attack rate: 0.0002 (0.02%)  ✓
2026-06-24 15:24:44,454  INFO    ✓ New best val accuracy: 0.9915  (weights saved)
2026-06-24 15:24:49,098  INFO    Episode   71,000/100,000  ε=0.0500  replay=50,000  avg_reward(last 1000)=9.166
2026-06-24 15:24:53,824  INFO    Episode   72,000/100,000  ε=0.0500  replay=50,000  avg_reward(last 1000)=9.269
2026-06-24 15:24:58,635  INFO    Episode   73,000/100,000  ε=0.0500  replay=50,000  avg_reward(last 1000)=9.408
2026-06-24 15:25:03,304  INFO    Episode   74,000/100,000  ε=0.0500  replay=50,000  avg_reward(last 1000)=9.417
2026-06-24 15:25:07,874  INFO    Episode   75,000/100,000  ε=0.0500  replay=50,000  avg_reward(last 1000)=9.042
2026-06-24 15:25:07,875  INFO  [EVAL] Evaluating on val (ep 75,000) split (90,771 rows) ...
2026-06-24 15:25:08,068  INFO    Overall action-match accuracy : 0.9915  (99.15%)
2026-06-24 15:25:08,068  INFO    Average reward per episode    : 9.8774
2026-06-24 15:25:08,068  INFO  
2026-06-24 15:25:08,068  INFO    Per-class action accuracy:
2026-06-24 15:25:08,068  INFO    Class                             Total   Correct   Accuracy    Action breakdown (wrong)
2026-06-24 15:25:08,079  INFO    Benign                              750       526    0.7013    [Block IP:100, Revoke Credentials:76, Isolate Server:48]
2026-06-24 15:25:08,082  INFO    Botnet_ARES                         826       826    1.0000  [all correct]
2026-06-24 15:25:08,085  INFO    DDoS_LOIT                        14,359    14,353    0.9996    [Revoke Credentials:6]
2026-06-24 15:25:08,087  INFO    DoS_GoldenEye                     1,255     1,253    0.9984    [Revoke Credentials:2]
2026-06-24 15:25:08,091  INFO    DoS_Hulk                         44,646    44,638    0.9998    [Revoke Credentials:7, Monitor:1]
2026-06-24 15:25:08,093  INFO    DoS_Slowhttptest                  1,029     1,026    0.9971    [Revoke Credentials:3]
2026-06-24 15:25:08,096  INFO    DoS_Slowloris                       768       767    0.9987    [Revoke Credentials:1]
2026-06-24 15:25:08,098  INFO    FTP-Patator                       1,430       961    0.6720    [Block IP:469]
2026-06-24 15:25:08,100  INFO    Heartbleed                            2         0    0.0000    [Block IP:1, Revoke Credentials:1]
2026-06-24 15:25:08,103  INFO    Port_Scan                        24,197    24,148    0.9980    [Revoke Credentials:49]
2026-06-24 15:25:08,106  INFO    SSH-Patator                         892       892    1.0000  [all correct]
2026-06-24 15:25:08,108  INFO    Web_Brute_Force                     410       409    0.9976    [Monitor:1]
2026-06-24 15:25:08,110  INFO    Web_SQL_Injection                     4         0    0.0000    [Revoke Credentials:3, Block IP:1]
2026-06-24 15:25:08,112  INFO    Web_XSS                             203       200    0.9852    [Isolate Server:3]
2026-06-24 15:25:08,113  INFO  
2026-06-24 15:25:08,113  INFO    Monitor-on-Attack rate: 0.0000 (0.00%)  ✓
2026-06-24 15:25:08,114  INFO    ✓ New best val accuracy: 0.9915  (weights saved)
2026-06-24 15:25:12,735  INFO    Episode   76,000/100,000  ε=0.0500  replay=50,000  avg_reward(last 1000)=9.187
2026-06-24 15:25:17,564  INFO    Episode   77,000/100,000  ε=0.0500  replay=50,000  avg_reward(last 1000)=9.288
2026-06-24 15:25:22,162  INFO    Episode   78,000/100,000  ε=0.0500  replay=50,000  avg_reward(last 1000)=9.290
2026-06-24 15:25:26,861  INFO    Episode   79,000/100,000  ε=0.0500  replay=50,000  avg_reward(last 1000)=9.256
2026-06-24 15:25:31,634  INFO    Episode   80,000/100,000  ε=0.0500  replay=50,000  avg_reward(last 1000)=9.100
2026-06-24 15:25:31,634  INFO  [EVAL] Evaluating on val (ep 80,000) split (90,771 rows) ...
2026-06-24 15:25:31,848  INFO    Overall action-match accuracy : 0.9915  (99.15%)
2026-06-24 15:25:31,848  INFO    Average reward per episode    : 9.8772
2026-06-24 15:25:31,849  INFO  
2026-06-24 15:25:31,849  INFO    Per-class action accuracy:
2026-06-24 15:25:31,849  INFO    Class                             Total   Correct   Accuracy    Action breakdown (wrong)
2026-06-24 15:25:31,860  INFO    Benign                              750       528    0.7040    [Block IP:100, Revoke Credentials:69, Isolate Server:53]
2026-06-24 15:25:31,862  INFO    Botnet_ARES                         826       826    1.0000  [all correct]
2026-06-24 15:25:31,865  INFO    DDoS_LOIT                        14,359    14,353    0.9996    [Monitor:6]
2026-06-24 15:25:31,868  INFO    DoS_GoldenEye                     1,255     1,252    0.9976    [Revoke Credentials:2, Monitor:1]
2026-06-24 15:25:31,871  INFO    DoS_Hulk                         44,646    44,638    0.9998    [Revoke Credentials:6, Monitor:2]
2026-06-24 15:25:31,874  INFO    DoS_Slowhttptest                  1,029     1,025    0.9961    [Revoke Credentials:3, Monitor:1]
2026-06-24 15:25:31,876  INFO    DoS_Slowloris                       768       767    0.9987    [Revoke Credentials:1]
2026-06-24 15:25:31,878  INFO    FTP-Patator                       1,430       962    0.6727    [Block IP:468]
2026-06-24 15:25:31,881  INFO    Heartbleed                            2         0    0.0000    [Block IP:1, Revoke Credentials:1]
2026-06-24 15:25:31,884  INFO    Port_Scan                        24,197    24,146    0.9979    [Revoke Credentials:49, Monitor:2]
2026-06-24 15:25:31,886  INFO    SSH-Patator                         892       892    1.0000  [all correct]
2026-06-24 15:25:31,888  INFO    Web_Brute_Force                     410       409    0.9976    [Monitor:1]
2026-06-24 15:25:31,890  INFO    Web_SQL_Injection                     4         0    0.0000    [Revoke Credentials:3, Block IP:1]
2026-06-24 15:25:31,891  INFO    Web_XSS                             203       200    0.9852    [Isolate Server:3]
2026-06-24 15:25:31,892  INFO  
2026-06-24 15:25:31,892  INFO    Monitor-on-Attack rate: 0.0001 (0.01%)  ✓
2026-06-24 15:25:36,332  INFO    Episode   81,000/100,000  ε=0.0500  replay=50,000  avg_reward(last 1000)=9.192
2026-06-24 15:25:41,210  INFO    Episode   82,000/100,000  ε=0.0500  replay=50,000  avg_reward(last 1000)=9.228
2026-06-24 15:25:45,954  INFO    Episode   83,000/100,000  ε=0.0500  replay=50,000  avg_reward(last 1000)=9.273
2026-06-24 15:25:50,588  INFO    Episode   84,000/100,000  ε=0.0500  replay=50,000  avg_reward(last 1000)=9.344
2026-06-24 15:25:55,479  INFO    Episode   85,000/100,000  ε=0.0500  replay=50,000  avg_reward(last 1000)=9.282
2026-06-24 15:25:55,480  INFO  [EVAL] Evaluating on val (ep 85,000) split (90,771 rows) ...
2026-06-24 15:25:55,640  INFO    Overall action-match accuracy : 0.9915  (99.15%)
2026-06-24 15:25:55,640  INFO    Average reward per episode    : 9.8779
2026-06-24 15:25:55,640  INFO  
2026-06-24 15:25:55,640  INFO    Per-class action accuracy:
2026-06-24 15:25:55,641  INFO    Class                             Total   Correct   Accuracy    Action breakdown (wrong)
2026-06-24 15:25:55,651  INFO    Benign                              750       533    0.7107    [Block IP:102, Revoke Credentials:65, Isolate Server:50]
2026-06-24 15:25:55,653  INFO    Botnet_ARES                         826       826    1.0000  [all correct]
2026-06-24 15:25:55,656  INFO    DDoS_LOIT                        14,359    14,353    0.9996    [Monitor:6]
2026-06-24 15:25:55,659  INFO    DoS_GoldenEye                     1,255     1,253    0.9984    [Revoke Credentials:1, Monitor:1]
2026-06-24 15:25:55,662  INFO    DoS_Hulk                         44,646    44,638    0.9998    [Revoke Credentials:6, Monitor:2]
2026-06-24 15:25:55,665  INFO    DoS_Slowhttptest                  1,029     1,025    0.9961    [Revoke Credentials:3, Monitor:1]
2026-06-24 15:25:55,668  INFO    DoS_Slowloris                       768       766    0.9974    [Revoke Credentials:1, Monitor:1]
2026-06-24 15:25:55,670  INFO    FTP-Patator                       1,430       961    0.6720    [Block IP:468, Monitor:1]
2026-06-24 15:25:55,673  INFO    Heartbleed                            2         0    0.0000    [Block IP:1, Revoke Credentials:1]
2026-06-24 15:25:55,676  INFO    Port_Scan                        24,197    24,148    0.9980    [Revoke Credentials:49]
2026-06-24 15:25:55,679  INFO    SSH-Patator                         892       891    0.9989    [Monitor:1]
2026-06-24 15:25:55,681  INFO    Web_Brute_Force                     410       409    0.9976    [Monitor:1]
2026-06-24 15:25:55,683  INFO    Web_SQL_Injection                     4         0    0.0000    [Revoke Credentials:3, Block IP:1]
2026-06-24 15:25:55,685  INFO    Web_XSS                             203       200    0.9852    [Isolate Server:3]
2026-06-24 15:25:55,686  INFO  
2026-06-24 15:25:55,686  INFO    Monitor-on-Attack rate: 0.0002 (0.02%)  ✓
2026-06-24 15:25:55,687  INFO    ✓ New best val accuracy: 0.9915  (weights saved)
2026-06-24 15:26:01,162  INFO    Episode   86,000/100,000  ε=0.0500  replay=50,000  avg_reward(last 1000)=9.372
2026-06-24 15:26:06,077  INFO    Episode   87,000/100,000  ε=0.0500  replay=50,000  avg_reward(last 1000)=9.166
2026-06-24 15:26:10,647  INFO    Episode   88,000/100,000  ε=0.0500  replay=50,000  avg_reward(last 1000)=9.166
2026-06-24 15:26:15,254  INFO    Episode   89,000/100,000  ε=0.0500  replay=50,000  avg_reward(last 1000)=9.363
2026-06-24 15:26:19,747  INFO    Episode   90,000/100,000  ε=0.0500  replay=50,000  avg_reward(last 1000)=9.243
2026-06-24 15:26:19,747  INFO  [EVAL] Evaluating on val (ep 90,000) split (90,771 rows) ...
2026-06-24 15:26:19,911  INFO    Overall action-match accuracy : 0.9915  (99.15%)
2026-06-24 15:26:19,912  INFO    Average reward per episode    : 9.8768
2026-06-24 15:26:19,912  INFO  
2026-06-24 15:26:19,913  INFO    Per-class action accuracy:
2026-06-24 15:26:19,913  INFO    Class                             Total   Correct   Accuracy    Action breakdown (wrong)
2026-06-24 15:26:19,924  INFO    Benign                              750       529    0.7053    [Block IP:102, Revoke Credentials:71, Isolate Server:48]
2026-06-24 15:26:19,926  INFO    Botnet_ARES                         826       825    0.9988    [Revoke Credentials:1]
2026-06-24 15:26:19,929  INFO    DDoS_LOIT                        14,359    14,353    0.9996    [Monitor:6]
2026-06-24 15:26:19,932  INFO    DoS_GoldenEye                     1,255     1,253    0.9984    [Revoke Credentials:1, Monitor:1]
2026-06-24 15:26:19,936  INFO    DoS_Hulk                         44,646    44,639    0.9998    [Revoke Credentials:4, Monitor:2, Isolate Server:1]
2026-06-24 15:26:19,940  INFO    DoS_Slowhttptest                  1,029     1,025    0.9961    [Revoke Credentials:3, Monitor:1]
2026-06-24 15:26:19,942  INFO    DoS_Slowloris                       768       767    0.9987    [Revoke Credentials:1]
2026-06-24 15:26:19,945  INFO    FTP-Patator                       1,430       961    0.6720    [Block IP:468, Monitor:1]
2026-06-24 15:26:19,947  INFO    Heartbleed                            2         0    0.0000    [Block IP:1, Revoke Credentials:1]
2026-06-24 15:26:19,950  INFO    Port_Scan                        24,197    24,144    0.9978    [Revoke Credentials:49, Isolate Server:4]
2026-06-24 15:26:19,953  INFO    SSH-Patator                         892       891    0.9989    [Monitor:1]
2026-06-24 15:26:19,955  INFO    Web_Brute_Force                     410       409    0.9976    [Monitor:1]
2026-06-24 15:26:19,957  INFO    Web_SQL_Injection                     4         0    0.0000    [Revoke Credentials:3, Block IP:1]
2026-06-24 15:26:19,960  INFO    Web_XSS                             203       200    0.9852    [Isolate Server:3]
2026-06-24 15:26:19,960  INFO  
2026-06-24 15:26:19,960  INFO    Monitor-on-Attack rate: 0.0001 (0.01%)  ✓
2026-06-24 15:26:24,709  INFO    Episode   91,000/100,000  ε=0.0500  replay=50,000  avg_reward(last 1000)=9.211
2026-06-24 15:26:29,242  INFO    Episode   92,000/100,000  ε=0.0500  replay=50,000  avg_reward(last 1000)=9.449
2026-06-24 15:26:33,880  INFO    Episode   93,000/100,000  ε=0.0500  replay=50,000  avg_reward(last 1000)=9.346
2026-06-24 15:26:38,657  INFO    Episode   94,000/100,000  ε=0.0500  replay=50,000  avg_reward(last 1000)=9.402
2026-06-24 15:26:43,262  INFO    Episode   95,000/100,000  ε=0.0500  replay=50,000  avg_reward(last 1000)=9.556
2026-06-24 15:26:43,263  INFO  [EVAL] Evaluating on val (ep 95,000) split (90,771 rows) ...
2026-06-24 15:26:43,424  INFO    Overall action-match accuracy : 0.9916  (99.16%)
2026-06-24 15:26:43,424  INFO    Average reward per episode    : 9.8784
2026-06-24 15:26:43,424  INFO  
2026-06-24 15:26:43,425  INFO    Per-class action accuracy:
2026-06-24 15:26:43,425  INFO    Class                             Total   Correct   Accuracy    Action breakdown (wrong)
2026-06-24 15:26:43,436  INFO    Benign                              750       537    0.7160    [Block IP:93, Revoke Credentials:69, Isolate Server:51]
2026-06-24 15:26:43,438  INFO    Botnet_ARES                         826       826    1.0000  [all correct]
2026-06-24 15:26:43,441  INFO    DDoS_LOIT                        14,359    14,353    0.9996    [Monitor:6]
2026-06-24 15:26:43,444  INFO    DoS_GoldenEye                     1,255     1,253    0.9984    [Revoke Credentials:1, Monitor:1]
2026-06-24 15:26:43,447  INFO    DoS_Hulk                         44,646    44,639    0.9998    [Revoke Credentials:4, Monitor:2, Isolate Server:1]
2026-06-24 15:26:43,450  INFO    DoS_Slowhttptest                  1,029     1,026    0.9971    [Revoke Credentials:3]
2026-06-24 15:26:43,452  INFO    DoS_Slowloris                       768       766    0.9974    [Revoke Credentials:1, Monitor:1]
2026-06-24 15:26:43,455  INFO    FTP-Patator                       1,430       961    0.6720    [Block IP:468, Monitor:1]
2026-06-24 15:26:43,457  INFO    Heartbleed                            2         0    0.0000    [Block IP:1, Revoke Credentials:1]
2026-06-24 15:26:43,460  INFO    Port_Scan                        24,197    24,146    0.9979    [Revoke Credentials:45, Monitor:6]
2026-06-24 15:26:43,462  INFO    SSH-Patator                         892       891    0.9989    [Monitor:1]
2026-06-24 15:26:43,464  INFO    Web_Brute_Force                     410       409    0.9976    [Monitor:1]
2026-06-24 15:26:43,466  INFO    Web_SQL_Injection                     4         0    0.0000    [Revoke Credentials:3, Block IP:1]
2026-06-24 15:26:43,468  INFO    Web_XSS                             203       200    0.9852    [Isolate Server:3]
2026-06-24 15:26:43,468  INFO  
2026-06-24 15:26:43,469  INFO    Monitor-on-Attack rate: 0.0002 (0.02%)  ✓
2026-06-24 15:26:43,470  INFO    ✓ New best val accuracy: 0.9916  (weights saved)
2026-06-24 15:26:48,105  INFO    Episode   96,000/100,000  ε=0.0500  replay=50,000  avg_reward(last 1000)=9.301
2026-06-24 15:26:53,053  INFO    Episode   97,000/100,000  ε=0.0500  replay=50,000  avg_reward(last 1000)=9.378
2026-06-24 15:26:57,611  INFO    Episode   98,000/100,000  ε=0.0500  replay=50,000  avg_reward(last 1000)=9.282
2026-06-24 15:27:01,805  INFO    Episode   99,000/100,000  ε=0.0500  replay=50,000  avg_reward(last 1000)=9.329
2026-06-24 15:27:06,165  INFO    Episode  100,000/100,000  ε=0.0500  replay=50,000  avg_reward(last 1000)=9.267
2026-06-24 15:27:06,165  INFO  [EVAL] Evaluating on val (ep 100,000) split (90,771 rows) ...
2026-06-24 15:27:06,319  INFO    Overall action-match accuracy : 0.9915  (99.15%)
2026-06-24 15:27:06,320  INFO    Average reward per episode    : 9.8771
2026-06-24 15:27:06,320  INFO  
2026-06-24 15:27:06,320  INFO    Per-class action accuracy:
2026-06-24 15:27:06,320  INFO    Class                             Total   Correct   Accuracy    Action breakdown (wrong)
2026-06-24 15:27:06,331  INFO    Benign                              750       529    0.7053    [Block IP:95, Revoke Credentials:69, Isolate Server:57]
2026-06-24 15:27:06,333  INFO    Botnet_ARES                         826       826    1.0000  [all correct]
2026-06-24 15:27:06,336  INFO    DDoS_LOIT                        14,359    14,353    0.9996    [Isolate Server:6]
2026-06-24 15:27:06,339  INFO    DoS_GoldenEye                     1,255     1,253    0.9984    [Revoke Credentials:1, Monitor:1]
2026-06-24 15:27:06,342  INFO    DoS_Hulk                         44,646    44,639    0.9998    [Revoke Credentials:4, Monitor:2, Isolate Server:1]
2026-06-24 15:27:06,345  INFO    DoS_Slowhttptest                  1,029     1,025    0.9961    [Revoke Credentials:3, Monitor:1]
2026-06-24 15:27:06,347  INFO    DoS_Slowloris                       768       766    0.9974    [Revoke Credentials:1, Monitor:1]
2026-06-24 15:27:06,350  INFO    FTP-Patator                       1,430       960    0.6713    [Block IP:469, Monitor:1]
2026-06-24 15:27:06,353  INFO    Heartbleed                            2         0    0.0000    [Block IP:1, Revoke Credentials:1]
2026-06-24 15:27:06,356  INFO    Port_Scan                        24,197    24,146    0.9979    [Revoke Credentials:43, Monitor:6, Isolate Server:2]
2026-06-24 15:27:06,359  INFO    SSH-Patator                         892       892    1.0000  [all correct]
2026-06-24 15:27:06,361  INFO    Web_Brute_Force                     410       409    0.9976    [Monitor:1]
2026-06-24 15:27:06,363  INFO    Web_SQL_Injection                     4         0    0.0000    [Revoke Credentials:3, Block IP:1]
2026-06-24 15:27:06,367  INFO    Web_XSS                             203       200    0.9852    [Isolate Server:3]
2026-06-24 15:27:06,367  INFO  
2026-06-24 15:27:06,367  INFO    Monitor-on-Attack rate: 0.0001 (0.01%)  ✓
2026-06-24 15:27:06,368  INFO    Best val accuracy restored: 0.9916
2026-06-24 15:27:06,383  INFO    Previous model backed up → E:\IISC\IISC_RESEARCH_INTERNSHIP\models\archive\dqn_agent_pre_web_merge.pt
2026-06-24 15:27:06,392  INFO    New model saved → E:\IISC\IISC_RESEARCH_INTERNSHIP\models\dqn_agent.pt
2026-06-24 15:27:06,396  INFO    Training history saved → E:\IISC\IISC_RESEARCH_INTERNSHIP\models\dqn_training_history.json
2026-06-24 15:27:06,396  INFO  
2026-06-24 15:27:06,396  INFO  ======================================================================
2026-06-24 15:27:06,396  INFO  FINAL EVALUATION ON HELD-OUT TEST SET
2026-06-24 15:27:06,397  INFO  ======================================================================
2026-06-24 15:27:06,397  INFO  [EVAL] Evaluating on test split (90,772 rows) ...
2026-06-24 15:27:06,637  INFO    Overall action-match accuracy : 0.9922  (99.22%)
2026-06-24 15:27:06,638  INFO    Average reward per episode    : 9.8869
2026-06-24 15:27:06,638  INFO  
2026-06-24 15:27:06,638  INFO    Per-class action accuracy:
2026-06-24 15:27:06,638  INFO    Class                             Total   Correct   Accuracy    Action breakdown (wrong)
2026-06-24 15:27:06,654  INFO    Benign                              750       551    0.7347    [Block IP:91, Revoke Credentials:65, Isolate Server:43]
2026-06-24 15:27:06,656  INFO    Botnet_ARES                         826       825    0.9988    [Revoke Credentials:1]
2026-06-24 15:27:06,659  INFO    DDoS_LOIT                        14,360    14,357    0.9998    [Monitor:3]
2026-06-24 15:27:06,662  INFO    DoS_GoldenEye                     1,254     1,252    0.9984    [Revoke Credentials:2]
2026-06-24 15:27:06,666  INFO    DoS_Hulk                         44,647    44,644    0.9999    [Revoke Credentials:3]
2026-06-24 15:27:06,669  INFO    DoS_Slowhttptest                  1,028     1,028    1.0000  [all correct]
2026-06-24 15:27:06,672  INFO    DoS_Slowloris                       768       765    0.9961    [Monitor:2, Revoke Credentials:1]
2026-06-24 15:27:06,674  INFO    FTP-Patator                       1,430       977    0.6832    [Block IP:451, Monitor:2]
2026-06-24 15:27:06,676  INFO    Heartbleed                            2         0    0.0000    [Block IP:1, Revoke Credentials:1]
2026-06-24 15:27:06,681  INFO    Port_Scan                        24,197    24,165    0.9987    [Revoke Credentials:30, Monitor:2]
2026-06-24 15:27:06,683  INFO    SSH-Patator                         892       889    0.9966    [Block IP:2, Monitor:1]
2026-06-24 15:27:06,685  INFO    Web_Brute_Force                     410       408    0.9951    [Block IP:1, Monitor:1]
2026-06-24 15:27:06,687  INFO    Web_SQL_Injection                     4         0    0.0000    [Block IP:2, Revoke Credentials:2]
2026-06-24 15:27:06,689  INFO    Web_XSS                             204       200    0.9804    [Isolate Server:2, Block IP:1, Monitor:1]
2026-06-24 15:27:06,690  INFO  
2026-06-24 15:27:06,690  INFO    Monitor-on-Attack rate: 0.0001 (0.01%)  ✓
2026-06-24 15:27:06,690  INFO  
2026-06-24 15:27:06,690  INFO  ======================================================================
2026-06-24 15:27:06,691  INFO  ✓  train_dqn.py complete.
2026-06-24 15:27:06,691  INFO     Test action-match accuracy : 0.9922
2026-06-24 15:27:06,691  INFO     Test average reward        : 9.8869
2026-06-24 15:27:06,691  INFO     Monitor-on-Attack rate     : 0.0001
2026-06-24 15:27:06,691  INFO     Episodes trained           : 100,000
2026-06-24 15:27:06,692  INFO     Saved → E:\IISC\IISC_RESEARCH_INTERNSHIP\models\dqn_agent.pt
2026-06-24 15:27:06,692  INFO  
2026-06-24 15:27:06,692  INFO     Web_Brute_Force / Web_XSS per-class accuracy (both → Revoke Credentials):
2026-06-24 15:27:06,692  INFO       Web_Brute_Force      :   408/  410  (0.9951)
2026-06-24 15:27:06,692  INFO       Web_XSS              :   200/  204  (0.9804)
2026-06-24 15:27:06,693  INFO  ======================================================================
