2026-06-18 17:13:22,865  INFO  =================================================================
2026-06-18 17:13:22,865  INFO  AUTOENCODER TRAINING PIPELINE
2026-06-18 17:13:22,866  INFO  (Stage 1: Benign-only reconstruction → anomaly threshold)
2026-06-18 17:13:22,866  INFO  =================================================================
2026-06-18 17:13:22,866  INFO    Data   : E:\IISC\IISC_RESEARCH_INTERNSHIP\data\processed
2026-06-18 17:13:22,866  INFO    Models : E:\IISC\IISC_RESEARCH_INTERNSHIP\models
2026-06-18 17:13:24,300  INFO    Device : cuda
2026-06-18 17:13:24,309  INFO    GPU    : NVIDIA GeForce GTX 1650
2026-06-18 17:13:24,309  INFO  
[STEP 1] Loading preprocessed benign arrays...
2026-06-18 17:13:24,310  INFO    Loading X_train_benign  from: E:\IISC\IISC_RESEARCH_INTERNSHIP\data\processed\X_train_benign.npy
2026-06-18 17:13:25,258  INFO    Loading X_val_benign    from: E:\IISC\IISC_RESEARCH_INTERNSHIP\data\processed\X_val_benign.npy
2026-06-18 17:13:25,465  INFO    X_train shape: (1188543, 115)  dtype: float32
2026-06-18 17:13:25,465  INFO    X_val   shape: (254688, 115)  dtype: float32
2026-06-18 17:13:25,603  INFO    X_train range: [0.0000, 1.0000]
2026-06-18 17:13:25,627  INFO    X_val   range: [0.0000, 1.2000]  (may exceed 1.0 — expected)
2026-06-18 17:13:25,628  INFO  
[STEP 2] Building DataLoaders...
2026-06-18 17:13:25,675  INFO    Train batches: 4643   Val batches: 995
2026-06-18 17:13:25,676  INFO  
[STEP 3] Initialising Autoencoder...
2026-06-18 17:13:26,188  INFO    Architecture : 115 → 64 → 32 → 16 → 32 → 64 → 115
2026-06-18 17:13:26,189  INFO    Trainable parameters : 20,163
2026-06-18 17:13:26,190  INFO    Dropout (encoder)    : p=0.2
2026-06-18 17:13:26,190  INFO  
[STEP 4] Training autoencoder...
2026-06-18 17:13:28,367  INFO  
  Max epochs : 50  |  Early-stop patience : 5
2026-06-18 17:13:28,367  INFO    Loss       : MSELoss
2026-06-18 17:13:28,367  INFO    Optimizer  : Adam  lr=0.001  weight_decay=1e-05
2026-06-18 17:13:28,367  INFO    Device     : cuda

2026-06-18 17:14:02,219  INFO    Epoch [  1/50]  train_loss=0.005381  val_loss=0.000650  (33.9s)
2026-06-18 17:14:02,222  INFO             ↳ New best val_loss=0.000650 — weights saved
2026-06-18 17:14:33,917  INFO    Epoch [  2/50]  train_loss=0.000821  val_loss=0.000527  (31.7s)
2026-06-18 17:14:33,919  INFO             ↳ New best val_loss=0.000527 — weights saved
2026-06-18 17:15:05,094  INFO    Epoch [  3/50]  train_loss=0.000728  val_loss=0.000505  (31.2s)
2026-06-18 17:15:05,096  INFO             ↳ New best val_loss=0.000505 — weights saved
2026-06-18 17:15:36,270  INFO    Epoch [  4/50]  train_loss=0.000684  val_loss=0.000452  (31.2s)
2026-06-18 17:15:36,272  INFO             ↳ New best val_loss=0.000452 — weights saved
2026-06-18 17:16:09,589  INFO    Epoch [  5/50]  train_loss=0.000651  val_loss=0.000448  (33.3s)
2026-06-18 17:16:09,591  INFO             ↳ New best val_loss=0.000448 — weights saved
2026-06-18 17:16:49,982  INFO    Epoch [  6/50]  train_loss=0.000632  val_loss=0.000450  (40.4s)
2026-06-18 17:16:49,983  INFO             ↳ No improvement (1/5)
2026-06-18 17:17:25,323  INFO    Epoch [  7/50]  train_loss=0.000621  val_loss=0.000423  (35.3s)
2026-06-18 17:17:25,328  INFO             ↳ New best val_loss=0.000423 — weights saved
2026-06-18 17:18:00,064  INFO    Epoch [  8/50]  train_loss=0.000613  val_loss=0.000410  (34.7s)
2026-06-18 17:18:00,067  INFO             ↳ New best val_loss=0.000410 — weights saved
2026-06-18 17:18:38,361  INFO    Epoch [  9/50]  train_loss=0.000590  val_loss=0.000364  (38.3s)
2026-06-18 17:18:38,364  INFO             ↳ New best val_loss=0.000364 — weights saved
2026-06-18 17:19:12,476  INFO    Epoch [ 10/50]  train_loss=0.000556  val_loss=0.000356  (34.1s)
2026-06-18 17:19:12,478  INFO             ↳ New best val_loss=0.000356 — weights saved
2026-06-18 17:19:45,916  INFO    Epoch [ 11/50]  train_loss=0.000549  val_loss=0.000363  (33.4s)
2026-06-18 17:19:45,917  INFO             ↳ No improvement (1/5)
2026-06-18 17:20:18,413  INFO    Epoch [ 12/50]  train_loss=0.000541  val_loss=0.000356  (32.5s)
2026-06-18 17:20:18,414  INFO             ↳ No improvement (2/5)
2026-06-18 17:20:53,247  INFO    Epoch [ 13/50]  train_loss=0.000534  val_loss=0.000370  (34.8s)
2026-06-18 17:20:53,247  INFO             ↳ No improvement (3/5)
2026-06-18 17:21:27,634  INFO    Epoch [ 14/50]  train_loss=0.000531  val_loss=0.000374  (34.4s)
2026-06-18 17:21:27,634  INFO             ↳ No improvement (4/5)
2026-06-18 17:22:01,455  INFO    Epoch [ 15/50]  train_loss=0.000525  val_loss=0.000358  (33.8s)
2026-06-18 17:22:01,455  INFO             ↳ No improvement (5/5)
2026-06-18 17:22:01,466  INFO  
  ⏹  Early stopping triggered at epoch 15. Best val_loss=0.000356
2026-06-18 17:22:01,489  INFO  
  ✅  Best weights restored (val_loss=0.000356)
2026-06-18 17:22:01,496  INFO  
[STEP 5] Computing per-sample reconstruction errors on val set...
2026-06-18 17:22:04,537  INFO    Reconstruction errors  shape : (254688,)
2026-06-18 17:22:04,543  INFO    Reconstruction errors  min   : 0.000007
2026-06-18 17:22:04,548  INFO    Reconstruction errors  mean  : 0.000356
2026-06-18 17:22:04,548  INFO    Reconstruction errors  max   : 0.156649
2026-06-18 17:22:04,550  INFO  
[STEP 6] Saving model, threshold, and training history...
2026-06-18 17:22:04,724  INFO    Threshold (95th percentile): 0.001364  →  E:\IISC\IISC_RESEARCH_INTERNSHIP\models\threshold.json
2026-06-18 17:22:04,747  INFO    Model state_dict saved             →  E:\IISC\IISC_RESEARCH_INTERNSHIP\models\autoencoder.pt
2026-06-18 17:22:04,748  INFO    Training history saved             →  E:\IISC\IISC_RESEARCH_INTERNSHIP\models\training_history.json
2026-06-18 17:22:04,749  INFO  
=================================================================
2026-06-18 17:22:04,749  INFO  ✅  Autoencoder training complete!
2026-06-18 17:22:04,749  INFO      Epochs trained         : 15
2026-06-18 17:22:04,749  INFO      Final train_loss       : 0.000525
2026-06-18 17:22:04,750  INFO      Final val_loss         : 0.000358
2026-06-18 17:22:04,752  INFO      Anomaly threshold (p95) : 0.001364
2026-06-18 17:22:04,752  INFO  
    → Now run: python training/train_dqn.py
2026-06-18 17:22:04,752  INFO  =================================================================
